#
# There is insufficient memory for the Java Runtime Environment to continue.
# Native memory allocation (malloc) failed to allocate 918096 bytes. Error detail: Chunk::new
# Possible reasons:
#   The system is out of physical RAM or swap space
#   This process is running with CompressedOops enabled, and the Java Heap may be blocking the growth of the native heap
# Possible solutions:
#   Reduce memory load on the system
#   Increase physical memory or swap space
#   Check if swap backing store is full
#   Decrease Java heap size (-Xmx/-Xms)
#   Decrease number of Java threads
#   Decrease Java thread stack sizes (-Xss)
#   Set larger code cache with -XX:ReservedCodeCacheSize=
#   JVM is running with Zero Based Compressed Oops mode in which the Java heap is
#     placed in the first 32GB address space. The Java Heap base address is the
#     maximum limit for the native heap growth. Please use -XX:HeapBaseMinAddress
#     to set the Java Heap base and to place the Java Heap above 32GB virtual address.
# This output file may be truncated or incomplete.
#
#  Out of Memory Error (arena.cpp:191), pid=10968, tid=12644
#
# JRE version: OpenJDK Runtime Environment (17.0.11) (build 17.0.11+0--11852314)
# Java VM: OpenJDK 64-Bit Server VM (17.0.11+0--11852314, mixed mode, tiered, compressed oops, compressed class ptrs, g1 gc, windows-amd64)
# No core dump will be written. Minidumps are not enabled by default on client versions of Windows
#

---------------  S U M M A R Y ------------

Command Line: -XX:+HeapDumpOnOutOfMemoryError --add-opens=java.base/java.util=ALL-UNNAMED --add-opens=java.base/java.lang=ALL-UNNAMED --add-opens=java.base/java.lang.invoke=ALL-UNNAMED --add-opens=java.prefs/java.util.prefs=ALL-UNNAMED --add-opens=java.base/java.nio.charset=ALL-UNNAMED --add-opens=java.base/java.net=ALL-UNNAMED --add-opens=java.base/java.util.concurrent.atomic=ALL-UNNAMED -Xmx4G -Dfile.encoding=windows-1252 -Duser.country=IN -Duser.language=en -Duser.variant org.gradle.launcher.daemon.bootstrap.GradleDaemon 7.6.3

Host: 12th Gen Intel(R) Core(TM) i3-1215U, 8 cores, 7G,  Windows 11 , 64 bit Build 22621 (10.0.22621.3672)
Time: Mon Aug  5 10:02:19 2024 India Standard Time elapsed time: 10.935498 seconds (0d 0h 0m 10s)

---------------  T H R E A D  ---------------

Current thread (0x000001feff065000):  JavaThread "C2 CompilerThread0" daemon [_thread_in_native, id=12644, stack(0x000000e30aa00000,0x000000e30ab00000)]


Current CompileTask:
C2:  10935 4540       4       org.objectweb.asm.Frame::execute (2318 bytes)

Stack: [0x000000e30aa00000,0x000000e30ab00000]
Native frames: (J=compiled Java code, j=interpreted, Vv=VM code, C=native code)
V  [jvm.dll+0x687bb9]
V  [jvm.dll+0x84142a]
V  [jvm.dll+0x8430ae]
V  [jvm.dll+0x843713]
V  [jvm.dll+0x24a35f]
V  [jvm.dll+0xac544]
V  [jvm.dll+0xacb8c]
V  [jvm.dll+0x2b194f]
V  [jvm.dll+0x58eba7]
V  [jvm.dll+0x2247e2]
V  [jvm.dll+0x224bdf]
V  [jvm.dll+0x21dd00]
V  [jvm.dll+0x21b201]
V  [jvm.dll+0x1a63ed]
V  [jvm.dll+0x22b1ee]
V  [jvm.dll+0x229375]
V  [jvm.dll+0x7f5647]
V  [jvm.dll+0x7efa4a]
V  [jvm.dll+0x686a35]
C  [ucrtbase.dll+0x29333]
C  [KERNEL32.DLL+0x1257d]
C  [ntdll.dll+0x5af28]


---------------  P R O C E S S  ---------------

Threads class SMR info:
_java_thread_list=0x000001fe82b98240, length=39, elements={
0x000001fedc21f530, 0x000001feff03a030, 0x000001feff03adc0, 0x000001fefac9c710,
0x000001fefac9dff0, 0x000001fefac9e8c0, 0x000001feff064400, 0x000001feff065000,
0x000001feff065910, 0x000001feff068230, 0x000001feff1d87f0, 0x000001feff1decf0,
0x000001fe80acbaa0, 0x000001fe806d5230, 0x000001fe80eb5b40, 0x000001fe807c0530,
0x000001fe80b58c50, 0x000001fe80b59130, 0x000001fe80e979c0, 0x000001fe80e96070,
0x000001fe80e974b0, 0x000001fe80e96580, 0x000001fe80e96a90, 0x000001fe80e97ed0,
0x000001fe80e98e00, 0x000001fe80e96fa0, 0x000001fe80e983e0, 0x000001fe80e988f0,
0x000001fe80e99310, 0x000001fe81603ed0, 0x000001fe81605d30, 0x000001fe81606240,
0x000001fe81604e00, 0x000001fe816034b0, 0x000001fe81608ac0, 0x000001fe81608fd0,
0x000001fe81606c60, 0x000001fe81602fa0, 0x000001fe81606750
}

Java Threads: ( => current thread )
  0x000001fedc21f530 JavaThread "main" [_thread_blocked, id=11196, stack(0x000000e309d00000,0x000000e309e00000)]
  0x000001feff03a030 JavaThread "Reference Handler" daemon [_thread_blocked, id=6604, stack(0x000000e30a400000,0x000000e30a500000)]
  0x000001feff03adc0 JavaThread "Finalizer" daemon [_thread_blocked, id=4832, stack(0x000000e30a500000,0x000000e30a600000)]
  0x000001fefac9c710 JavaThread "Signal Dispatcher" daemon [_thread_blocked, id=7616, stack(0x000000e30a600000,0x000000e30a700000)]
  0x000001fefac9dff0 JavaThread "Attach Listener" daemon [_thread_blocked, id=13052, stack(0x000000e30a700000,0x000000e30a800000)]
  0x000001fefac9e8c0 JavaThread "Service Thread" daemon [_thread_blocked, id=8524, stack(0x000000e30a800000,0x000000e30a900000)]
  0x000001feff064400 JavaThread "Monitor Deflation Thread" daemon [_thread_blocked, id=9460, stack(0x000000e30a900000,0x000000e30aa00000)]
=>0x000001feff065000 JavaThread "C2 CompilerThread0" daemon [_thread_in_native, id=12644, stack(0x000000e30aa00000,0x000000e30ab00000)]
  0x000001feff065910 JavaThread "C1 CompilerThread0" daemon [_thread_blocked, id=16268, stack(0x000000e30ab00000,0x000000e30ac00000)]
  0x000001feff068230 JavaThread "Sweeper thread" daemon [_thread_blocked, id=5400, stack(0x000000e30ac00000,0x000000e30ad00000)]
  0x000001feff1d87f0 JavaThread "Common-Cleaner" daemon [_thread_blocked, id=8324, stack(0x000000e30ad00000,0x000000e30ae00000)]
  0x000001feff1decf0 JavaThread "Notification Thread" daemon [_thread_blocked, id=9792, stack(0x000000e30ae00000,0x000000e30af00000)]
  0x000001fe80acbaa0 JavaThread "Daemon health stats" [_thread_blocked, id=14804, stack(0x000000e30b400000,0x000000e30b500000)]
  0x000001fe806d5230 JavaThread "Incoming local TCP Connector on port 57754" [_thread_in_native, id=6680, stack(0x000000e30b500000,0x000000e30b600000)]
  0x000001fe80eb5b40 JavaThread "Daemon periodic checks" [_thread_blocked, id=2000, stack(0x000000e30b600000,0x000000e30b700000)]
  0x000001fe807c0530 JavaThread "Daemon" [_thread_blocked, id=16232, stack(0x000000e30b700000,0x000000e30b800000)]
  0x000001fe80b58c50 JavaThread "Handler for socket connection from /127.0.0.1:57754 to /127.0.0.1:57755" [_thread_in_native, id=17680, stack(0x000000e30b800000,0x000000e30b900000)]
  0x000001fe80b59130 JavaThread "Cancel handler" [_thread_blocked, id=16948, stack(0x000000e30b900000,0x000000e30ba00000)]
  0x000001fe80e979c0 JavaThread "Daemon worker" [_thread_in_vm, id=13392, stack(0x000000e30ba00000,0x000000e30bb00000)]
  0x000001fe80e96070 JavaThread "Asynchronous log dispatcher for DefaultDaemonConnection: socket connection from /127.0.0.1:57754 to /127.0.0.1:57755" [_thread_blocked, id=1760, stack(0x000000e30bb00000,0x000000e30bc00000)]
  0x000001fe80e974b0 JavaThread "Stdin handler" [_thread_blocked, id=14824, stack(0x000000e30bc00000,0x000000e30bd00000)]
  0x000001fe80e96580 JavaThread "Daemon client event forwarder" [_thread_blocked, id=13384, stack(0x000000e30bd00000,0x000000e30be00000)]
  0x000001fe80e96a90 JavaThread "Cache worker for journal cache (C:\Users\Lenovo\.gradle\caches\journal-1)" [_thread_blocked, id=12692, stack(0x000000e30be00000,0x000000e30bf00000)]
  0x000001fe80e97ed0 JavaThread "File lock request listener" [_thread_in_native, id=1704, stack(0x000000e30bf00000,0x000000e30c000000)]
  0x000001fe80e98e00 JavaThread "Cache worker for file hash cache (C:\Users\Lenovo\.gradle\caches\7.6.3\fileHashes)" [_thread_blocked, id=4224, stack(0x000000e30c400000,0x000000e30c500000)]
  0x000001fe80e96fa0 JavaThread "File watcher server" daemon [_thread_in_native, id=11604, stack(0x000000e30c500000,0x000000e30c600000)]
  0x000001fe80e983e0 JavaThread "File watcher consumer" daemon [_thread_blocked, id=15632, stack(0x000000e30c600000,0x000000e30c700000)]
  0x000001fe80e988f0 JavaThread "Cache worker for checksums cache (C:\Users\Lenovo\AndroidStudioProjects\shreya\android\.gradle\7.6.3\checksums)" [_thread_blocked, id=8204, stack(0x000000e30c700000,0x000000e30c800000)]
  0x000001fe80e99310 JavaThread "Cache worker for cache directory md-rule (C:\Users\Lenovo\.gradle\caches\7.6.3\md-rule)" [_thread_blocked, id=17720, stack(0x000000e30c800000,0x000000e30c900000)]
  0x000001fe81603ed0 JavaThread "Cache worker for file content cache (C:\Users\Lenovo\.gradle\caches\7.6.3\fileContent)" [_thread_blocked, id=7808, stack(0x000000e30c900000,0x000000e30ca00000)]
  0x000001fe81605d30 JavaThread "Cache worker for file hash cache (C:\Users\Lenovo\AndroidStudioProjects\shreya\android\.gradle\7.6.3\fileHashes)" [_thread_blocked, id=5428, stack(0x000000e30ca00000,0x000000e30cb00000)]
  0x000001fe81606240 JavaThread "Cache worker for cache directory md-supplier (C:\Users\Lenovo\.gradle\caches\7.6.3\md-supplier)" [_thread_blocked, id=13932, stack(0x000000e30cb00000,0x000000e30cc00000)]
  0x000001fe81604e00 JavaThread "Cache worker for execution history cache (C:\Users\Lenovo\.gradle\caches\7.6.3\executionHistory)" [_thread_blocked, id=17784, stack(0x000000e30cc00000,0x000000e30cd00000)]
  0x000001fe816034b0 JavaThread "jar transforms" [_thread_blocked, id=15336, stack(0x000000e30ce00000,0x000000e30cf00000)]
  0x000001fe81608ac0 JavaThread "Cache worker for kotlin-dsl (C:\Users\Lenovo\.gradle\caches\7.6.3\kotlin-dsl)" [_thread_blocked, id=9664, stack(0x000000e30cf00000,0x000000e30d000000)]
  0x000001fe81608fd0 JavaThread "jar transforms Thread 2" [_thread_blocked, id=7124, stack(0x000000e30d000000,0x000000e30d100000)]
  0x000001fe81606c60 JavaThread "Cache worker for dependencies-accessors (C:\Users\Lenovo\AndroidStudioProjects\shreya\android\.gradle\7.6.3\dependencies-accessors)" [_thread_blocked, id=17764, stack(0x000000e30d100000,0x000000e30d200000)]
  0x000001fe81602fa0 JavaThread "Cache worker for Build Output Cleanup Cache (C:\flutter\packages\flutter_tools\gradle\.gradle\buildOutputCleanup)" [_thread_blocked, id=5740, stack(0x000000e30d200000,0x000000e30d300000)]
  0x000001fe81606750 JavaThread "jar transforms Thread 3" [_thread_blocked, id=2716, stack(0x000000e30cd00000,0x000000e30ce00000)]

Other Threads:
  0x000001fefac93d00 VMThread "VM Thread" [stack: 0x000000e30a300000,0x000000e30a400000] [id=17748]
  0x000001feff1e11e0 WatcherThread [stack: 0x000000e30af00000,0x000000e30b000000] [id=13844]
  0x000001fedc28bcd0 GCTaskThread "GC Thread#0" [stack: 0x000000e309e00000,0x000000e309f00000] [id=4628]
  0x000001fe802f1610 GCTaskThread "GC Thread#1" [stack: 0x000000e30b000000,0x000000e30b100000] [id=9036]
  0x000001feffaecb70 GCTaskThread "GC Thread#2" [stack: 0x000000e30b100000,0x000000e30b200000] [id=16212]
  0x000001fe803101c0 GCTaskThread "GC Thread#3" [stack: 0x000000e30b200000,0x000000e30b300000] [id=10208]
  0x000001fe8045b9f0 GCTaskThread "GC Thread#4" [stack: 0x000000e30b300000,0x000000e30b400000] [id=12168]
  0x000001fe81182250 GCTaskThread "GC Thread#5" [stack: 0x000000e30c000000,0x000000e30c100000] [id=17824]
  0x000001fe80ea5510 GCTaskThread "GC Thread#6" [stack: 0x000000e30c100000,0x000000e30c200000] [id=13272]
  0x000001fe80ea57d0 GCTaskThread "GC Thread#7" [stack: 0x000000e30c200000,0x000000e30c300000] [id=9224]
  0x000001fedc29eb40 ConcurrentGCThread "G1 Main Marker" [stack: 0x000000e309f00000,0x000000e30a000000] [id=8972]
  0x000001fedc2a0480 ConcurrentGCThread "G1 Conc#0" [stack: 0x000000e30a000000,0x000000e30a100000] [id=9116]
  0x000001fe80fbbc80 ConcurrentGCThread "G1 Conc#1" [stack: 0x000000e30c300000,0x000000e30c400000] [id=4556]
  0x000001fedc2cecc0 ConcurrentGCThread "G1 Refine#0" [stack: 0x000000e30a100000,0x000000e30a200000] [id=12028]
  0x000001fefab04bd0 ConcurrentGCThread "G1 Service" [stack: 0x000000e30a200000,0x000000e30a300000] [id=4908]

Threads with active compile tasks:
C2 CompilerThread0    10984 4540       4       org.objectweb.asm.Frame::execute (2318 bytes)

VM state: not at safepoint (normal execution)

VM Mutex/Monitor currently owned by a thread:  ([mutex/lock_event])
[0x000001fedc21b600] Metaspace_lock - owner thread: 0x000001fe80e979c0

Heap address: 0x0000000700000000, size: 4096 MB, Compressed Oops mode: Zero based, Oop shift amount: 3

CDS archive(s) not mapped
Compressed class space mapped at: 0x0000000800000000-0x0000000840000000, reserved size: 1073741824
Narrow klass base: 0x0000000800000000, Narrow klass shift: 0, Narrow klass range: 0x40000000

GC Precious Log:
 CPUs: 8 total, 8 available
 Memory: 7900M
 Large Page Support: Disabled
 NUMA Support: Disabled
 Compressed Oops: Enabled (Zero based)
 Heap Region Size: 2M
 Heap Min Capacity: 8M
 Heap Initial Capacity: 124M
 Heap Max Capacity: 4G
 Pre-touch: Disabled
 Parallel Workers: 8
 Concurrent Workers: 2
 Concurrent Refinement Workers: 8
 Periodic GC: Disabled

Heap:
 garbage-first heap   total 75776K, used 34031K [0x0000000700000000, 0x0000000800000000)
  region size 2048K, 3 young (6144K), 2 survivors (4096K)
 Metaspace       used 51051K, committed 51520K, reserved 1114112K
  class space    used 6833K, committed 7040K, reserved 1048576K

Heap Regions: E=young(eden), S=young(survivor), O=old, HS=humongous(starts), HC=humongous(continues), CS=collection set, F=free, OA=open archive, CA=closed archive, TAMS=top-at-mark-start (previous, next)
|   0|0x0000000700000000, 0x0000000700200000, 0x0000000700200000|100%|HS|  |TAMS 0x0000000700200000, 0x0000000700000000| Complete 
|   1|0x0000000700200000, 0x0000000700400000, 0x0000000700400000|100%|HC|  |TAMS 0x0000000700400000, 0x0000000700200000| Complete 
|   2|0x0000000700400000, 0x0000000700600000, 0x0000000700600000|100%| O|  |TAMS 0x0000000700600000, 0x0000000700400000| Untracked 
|   3|0x0000000700600000, 0x0000000700800000, 0x0000000700800000|100%| O|  |TAMS 0x0000000700800000, 0x0000000700600000| Untracked 
|   4|0x0000000700800000, 0x0000000700a00000, 0x0000000700a00000|100%| O|  |TAMS 0x0000000700a00000, 0x0000000700800000| Untracked 
|   5|0x0000000700a00000, 0x0000000700c00000, 0x0000000700c00000|100%| O|  |TAMS 0x0000000700c00000, 0x0000000700a00000| Untracked 
|   6|0x0000000700c00000, 0x0000000700e00000, 0x0000000700e00000|100%| O|  |TAMS 0x0000000700e00000, 0x0000000700c00000| Untracked 
|   7|0x0000000700e00000, 0x0000000701000000, 0x0000000701000000|100%| O|  |TAMS 0x0000000701000000, 0x0000000700e00000| Untracked 
|   8|0x0000000701000000, 0x0000000701200000, 0x0000000701200000|100%| O|  |TAMS 0x0000000701200000, 0x0000000701000000| Untracked 
|   9|0x0000000701200000, 0x0000000701400000, 0x0000000701400000|100%| O|  |TAMS 0x0000000701400000, 0x0000000701200000| Untracked 
|  10|0x0000000701400000, 0x0000000701600000, 0x0000000701600000|100%| O|  |TAMS 0x0000000701400000, 0x0000000701400000| Untracked 
|  11|0x0000000701600000, 0x0000000701800000, 0x0000000701800000|100%| O|  |TAMS 0x0000000701600000, 0x0000000701600000| Untracked 
|  12|0x0000000701800000, 0x0000000701a00000, 0x0000000701a00000|100%| O|  |TAMS 0x00000007018b0000, 0x0000000701800000| Untracked 
|  13|0x0000000701a00000, 0x0000000701c00000, 0x0000000701c00000|100%| O|  |TAMS 0x0000000701a00000, 0x0000000701a00000| Untracked 
|  14|0x0000000701c00000, 0x0000000701e00000, 0x0000000701e00000|100%| O|  |TAMS 0x0000000701c00000, 0x0000000701c00000| Untracked 
|  15|0x0000000701e00000, 0x0000000701e68200, 0x0000000702000000| 20%| O|  |TAMS 0x0000000701e00000, 0x0000000701e00000| Untracked 
|  16|0x0000000702000000, 0x0000000702000000, 0x0000000702200000|  0%| F|  |TAMS 0x0000000702000000, 0x0000000702000000| Untracked 
|  17|0x0000000702200000, 0x0000000702200000, 0x0000000702400000|  0%| F|  |TAMS 0x0000000702200000, 0x0000000702200000| Untracked 
|  18|0x0000000702400000, 0x0000000702400000, 0x0000000702600000|  0%| F|  |TAMS 0x0000000702400000, 0x0000000702400000| Untracked 
|  19|0x0000000702600000, 0x0000000702600000, 0x0000000702800000|  0%| F|  |TAMS 0x0000000702600000, 0x0000000702600000| Untracked 
|  20|0x0000000702800000, 0x0000000702800000, 0x0000000702a00000|  0%| F|  |TAMS 0x0000000702800000, 0x0000000702800000| Untracked 
|  21|0x0000000702a00000, 0x0000000702ad3b50, 0x0000000702c00000| 41%| S|CS|TAMS 0x0000000702a00000, 0x0000000702a00000| Complete 
|  22|0x0000000702c00000, 0x0000000702c00000, 0x0000000702e00000|  0%| F|  |TAMS 0x0000000702c00000, 0x0000000702c00000| Untracked 
|  23|0x0000000702e00000, 0x0000000703000000, 0x0000000703000000|100%| S|CS|TAMS 0x0000000702e00000, 0x0000000702e00000| Complete 
|  24|0x0000000703000000, 0x0000000703000000, 0x0000000703200000|  0%| F|  |TAMS 0x0000000703000000, 0x0000000703000000| Untracked 
|  25|0x0000000703200000, 0x0000000703200000, 0x0000000703400000|  0%| F|  |TAMS 0x0000000703200000, 0x0000000703200000| Untracked 
|  26|0x0000000703400000, 0x0000000703400000, 0x0000000703600000|  0%| F|  |TAMS 0x0000000703400000, 0x0000000703400000| Untracked 
|  27|0x0000000703600000, 0x0000000703600000, 0x0000000703800000|  0%| F|  |TAMS 0x0000000703600000, 0x0000000703600000| Untracked 
|  28|0x0000000703800000, 0x0000000703800000, 0x0000000703a00000|  0%| F|  |TAMS 0x0000000703800000, 0x0000000703800000| Untracked 
|  29|0x0000000703a00000, 0x0000000703a00000, 0x0000000703c00000|  0%| F|  |TAMS 0x0000000703a00000, 0x0000000703a00000| Untracked 
|  30|0x0000000703c00000, 0x0000000703c00000, 0x0000000703e00000|  0%| F|  |TAMS 0x0000000703c00000, 0x0000000703c00000| Untracked 
|  32|0x0000000704000000, 0x0000000704000000, 0x0000000704200000|  0%| F|  |TAMS 0x0000000704000000, 0x0000000704000000| Untracked 
|  33|0x0000000704200000, 0x0000000704200000, 0x0000000704400000|  0%| F|  |TAMS 0x0000000704200000, 0x0000000704200000| Untracked 
|  34|0x0000000704400000, 0x0000000704400000, 0x0000000704600000|  0%| F|  |TAMS 0x0000000704400000, 0x0000000704400000| Untracked 
|  35|0x0000000704600000, 0x0000000704600000, 0x0000000704800000|  0%| F|  |TAMS 0x0000000704600000, 0x0000000704600000| Untracked 
|  36|0x0000000704800000, 0x0000000704800000, 0x0000000704a00000|  0%| F|  |TAMS 0x0000000704800000, 0x0000000704800000| Untracked 
|  61|0x0000000707a00000, 0x0000000707a76c40, 0x0000000707c00000| 23%| E|  |TAMS 0x0000000707a00000, 0x0000000707a00000| Complete 

Card table byte_map: [0x000001feef220000,0x000001feefa20000] _byte_map_base: 0x000001feeba20000

Marking Bits (Prev, Next): (CMBitMap*) 0x000001fedc28c200, (CMBitMap*) 0x000001fedc28c240
 Prev Bits: [0x000001fef0220000, 0x000001fef4220000)
 Next Bits: [0x000001fef4220000, 0x000001fef8220000)

Polling page: 0x000001feda1b0000

Metaspace:

Usage:
  Non-class:     43.18 MB used.
      Class:      6.67 MB used.
       Both:     49.85 MB used.

Virtual space:
  Non-class space:       64.00 MB reserved,      43.44 MB ( 68%) committed,  1 nodes.
      Class space:        1.00 GB reserved,       6.88 MB ( <1%) committed,  1 nodes.
             Both:        1.06 GB reserved,      50.31 MB (  5%) committed. 

Chunk freelists:
   Non-Class:  4.50 MB
       Class:  9.12 MB
        Both:  13.62 MB

MaxMetaspaceSize: unlimited
CompressedClassSpaceSize: 1.00 GB
Initial GC threshold: 21.00 MB
Current GC threshold: 58.88 MB
CDS: off
MetaspaceReclaimPolicy: balanced
 - commit_granule_bytes: 65536.
 - commit_granule_words: 8192.
 - virtual_space_node_default_size: 8388608.
 - enlarge_chunks_in_place: 1.
 - new_chunks_are_fully_committed: 0.
 - uncommit_free_chunks: 1.
 - use_allocation_guard: 0.
 - handle_deallocations: 1.


Internal statistics:

num_allocs_failed_limit: 6.
num_arena_births: 538.
num_arena_deaths: 0.
num_vsnodes_births: 2.
num_vsnodes_deaths: 0.
num_space_committed: 805.
num_space_uncommitted: 0.
num_chunks_returned_to_freelist: 6.
num_chunks_taken_from_freelist: 2066.
num_chunk_merges: 3.
num_chunk_splits: 1391.
num_chunks_enlarged: 991.
num_inconsistent_stats: 0.

CodeHeap 'non-profiled nmethods': size=120000Kb used=2657Kb max_used=2657Kb free=117342Kb
 bounds [0x000001fee71c0000, 0x000001fee7460000, 0x000001feee6f0000]
CodeHeap 'profiled nmethods': size=120000Kb used=9700Kb max_used=9700Kb free=110299Kb
 bounds [0x000001fedf6f0000, 0x000001fee0070000, 0x000001fee6c20000]
CodeHeap 'non-nmethods': size=5760Kb used=2309Kb max_used=2345Kb free=3450Kb
 bounds [0x000001fee6c20000, 0x000001fee6e90000, 0x000001fee71c0000]
 total_blobs=5366 nmethods=4544 adapters=734
 compilation: enabled
              stopped_count=0, restarted_count=0
 full_count=0

Compilation events (20 events):
Event: 10.886 Thread 0x000001feff065910 4553       3       com.google.common.collect.UnmodifiableIterator::<init> (5 bytes)
Event: 10.886 Thread 0x000001feff065910 nmethod 4553 0x000001fee0052510 code [0x000001fee00526a0, 0x000001fee00527f8]
Event: 10.886 Thread 0x000001feff065910 4555       3       jdk.internal.reflect.ClassFileAssembler::emitConstantPoolClass (23 bytes)
Event: 10.886 Thread 0x000001feff065910 nmethod 4555 0x000001fee0052890 code [0x000001fee0052a80, 0x000001fee0052ee8]
Event: 10.886 Thread 0x000001feff065910 4556       3       jdk.internal.reflect.ClassFileAssembler::setStack (25 bytes)
Event: 10.887 Thread 0x000001feff065910 nmethod 4556 0x000001fee0053190 code [0x000001fee0053320, 0x000001fee0053478]
Event: 10.888 Thread 0x000001feff065910 4557       3       com.google.common.collect.Sets::newHashSet (8 bytes)
Event: 10.889 Thread 0x000001feff065910 nmethod 4557 0x000001fee0053510 code [0x000001fee00536e0, 0x000001fee0053b98]
Event: 10.889 Thread 0x000001feff065910 4558       3       com.google.common.reflect.TypeResolver$TypeTable::resolve (20 bytes)
Event: 10.889 Thread 0x000001feff065910 nmethod 4558 0x000001fee0053d90 code [0x000001fee0053f60, 0x000001fee0054468]
Event: 10.893 Thread 0x000001feff065910 4559       3       org.gradle.internal.instantiation.generator.AsmBackedClassGenerator::getServicesForNext (13 bytes)
Event: 10.894 Thread 0x000001feff065910 nmethod 4559 0x000001fee0054610 code [0x000001fee00547c0, 0x000001fee0054a68]
Event: 10.902 Thread 0x000001feff065910 4560       3       jdk.internal.org.objectweb.asm.SymbolTable::hash (7 bytes)
Event: 10.902 Thread 0x000001feff065910 nmethod 4560 0x000001fee0054b90 code [0x000001fee0054d20, 0x000001fee0054e18]
Event: 10.903 Thread 0x000001feff065910 4561       3       jdk.internal.misc.Unsafe::getAndAddLong (27 bytes)
Event: 10.904 Thread 0x000001feff065910 nmethod 4561 0x000001fee0054e90 code [0x000001fee0055040, 0x000001fee0055288]
Event: 10.904 Thread 0x000001feff065910 4562       3       java.lang.reflect.ProxyGenerator$ProxyMethod::generateMethod (548 bytes)
Event: 10.911 Thread 0x000001feff065910 nmethod 4562 0x000001fee0055390 code [0x000001fee0055920, 0x000001fee0058b78]
Event: 10.911 Thread 0x000001feff065910 4563       3       java.lang.reflect.ProxyGenerator::computeUniqueCatchList (163 bytes)
Event: 10.912 Thread 0x000001feff065910 nmethod 4563 0x000001fee0059b10 code [0x000001fee0059e60, 0x000001fee005b4f8]

GC Heap History (20 events):
Event: 1.757 GC heap before
{Heap before GC invocations=1 (full 0):
 garbage-first heap   total 126976K, used 34572K [0x0000000700000000, 0x0000000800000000)
  region size 2048K, 14 young (28672K), 2 survivors (4096K)
 Metaspace       used 11201K, committed 11456K, reserved 1114112K
  class space    used 1168K, committed 1280K, reserved 1048576K
}
Event: 1.763 GC heap after
{Heap after GC invocations=2 (full 0):
 garbage-first heap   total 126976K, used 11077K [0x0000000700000000, 0x0000000800000000)
  region size 2048K, 1 young (2048K), 1 survivors (2048K)
 Metaspace       used 11201K, committed 11456K, reserved 1114112K
  class space    used 1168K, committed 1280K, reserved 1048576K
}
Event: 4.060 GC heap before
{Heap before GC invocations=2 (full 0):
 garbage-first heap   total 126976K, used 58181K [0x0000000700000000, 0x0000000800000000)
  region size 2048K, 25 young (51200K), 1 survivors (2048K)
 Metaspace       used 21268K, committed 21504K, reserved 1114112K
  class space    used 2551K, committed 2688K, reserved 1048576K
}
Event: 4.067 GC heap after
{Heap after GC invocations=3 (full 0):
 garbage-first heap   total 126976K, used 18563K [0x0000000700000000, 0x0000000800000000)
  region size 2048K, 5 young (10240K), 5 survivors (10240K)
 Metaspace       used 21268K, committed 21504K, reserved 1114112K
  class space    used 2551K, committed 2688K, reserved 1048576K
}
Event: 5.530 GC heap before
{Heap before GC invocations=4 (full 0):
 garbage-first heap   total 75776K, used 57475K [0x0000000700000000, 0x0000000800000000)
  region size 2048K, 25 young (51200K), 5 survivors (10240K)
 Metaspace       used 28134K, committed 28480K, reserved 1114112K
  class space    used 3719K, committed 3904K, reserved 1048576K
}
Event: 5.538 GC heap after
{Heap after GC invocations=5 (full 0):
 garbage-first heap   total 75776K, used 21334K [0x0000000700000000, 0x0000000800000000)
  region size 2048K, 2 young (4096K), 2 survivors (4096K)
 Metaspace       used 28134K, committed 28480K, reserved 1114112K
  class space    used 3719K, committed 3904K, reserved 1048576K
}
Event: 6.477 GC heap before
{Heap before GC invocations=5 (full 0):
 garbage-first heap   total 75776K, used 50006K [0x0000000700000000, 0x0000000800000000)
  region size 2048K, 16 young (32768K), 2 survivors (4096K)
 Metaspace       used 32149K, committed 32512K, reserved 1114112K
  class space    used 4362K, committed 4544K, reserved 1048576K
}
Event: 6.481 GC heap after
{Heap after GC invocations=6 (full 0):
 garbage-first heap   total 75776K, used 22715K [0x0000000700000000, 0x0000000800000000)
  region size 2048K, 1 young (2048K), 1 survivors (2048K)
 Metaspace       used 32149K, committed 32512K, reserved 1114112K
  class space    used 4362K, committed 4544K, reserved 1048576K
}
Event: 6.989 GC heap before
{Heap before GC invocations=6 (full 0):
 garbage-first heap   total 75776K, used 39099K [0x0000000700000000, 0x0000000800000000)
  region size 2048K, 10 young (20480K), 1 survivors (2048K)
 Metaspace       used 35705K, committed 35968K, reserved 1114112K
  class space    used 4764K, committed 4864K, reserved 1048576K
}
Event: 6.992 GC heap after
{Heap after GC invocations=7 (full 0):
 garbage-first heap   total 75776K, used 24237K [0x0000000700000000, 0x0000000800000000)
  region size 2048K, 2 young (4096K), 2 survivors (4096K)
 Metaspace       used 35705K, committed 35968K, reserved 1114112K
  class space    used 4764K, committed 4864K, reserved 1048576K
}
Event: 8.174 GC heap before
{Heap before GC invocations=8 (full 0):
 garbage-first heap   total 75776K, used 52909K [0x0000000700000000, 0x0000000800000000)
  region size 2048K, 17 young (34816K), 2 survivors (4096K)
 Metaspace       used 40080K, committed 40448K, reserved 1114112K
  class space    used 5280K, committed 5440K, reserved 1048576K
}
Event: 8.179 GC heap after
{Heap after GC invocations=9 (full 0):
 garbage-first heap   total 75776K, used 27800K [0x0000000700000000, 0x0000000800000000)
  region size 2048K, 3 young (6144K), 3 survivors (6144K)
 Metaspace       used 40080K, committed 40448K, reserved 1114112K
  class space    used 5280K, committed 5440K, reserved 1048576K
}
Event: 8.676 GC heap before
{Heap before GC invocations=9 (full 0):
 garbage-first heap   total 75776K, used 56472K [0x0000000700000000, 0x0000000800000000)
  region size 2048K, 17 young (34816K), 3 survivors (6144K)
 Metaspace       used 42021K, committed 42304K, reserved 1114112K
  class space    used 5465K, committed 5568K, reserved 1048576K
}
Event: 8.682 GC heap after
{Heap after GC invocations=10 (full 0):
 garbage-first heap   total 75776K, used 29747K [0x0000000700000000, 0x0000000800000000)
  region size 2048K, 3 young (6144K), 3 survivors (6144K)
 Metaspace       used 42021K, committed 42304K, reserved 1114112K
  class space    used 5465K, committed 5568K, reserved 1048576K
}
Event: 9.282 GC heap before
{Heap before GC invocations=10 (full 0):
 garbage-first heap   total 75776K, used 56371K [0x0000000700000000, 0x0000000800000000)
  region size 2048K, 16 young (32768K), 3 survivors (6144K)
 Metaspace       used 43821K, committed 44288K, reserved 1114112K
  class space    used 5756K, committed 5952K, reserved 1048576K
}
Event: 9.287 GC heap after
{Heap after GC invocations=11 (full 0):
 garbage-first heap   total 75776K, used 31886K [0x0000000700000000, 0x0000000800000000)
  region size 2048K, 2 young (4096K), 2 survivors (4096K)
 Metaspace       used 43821K, committed 44288K, reserved 1114112K
  class space    used 5756K, committed 5952K, reserved 1048576K
}
Event: 9.928 GC heap before
{Heap before GC invocations=11 (full 0):
 garbage-first heap   total 75776K, used 56462K [0x0000000700000000, 0x0000000800000000)
  region size 2048K, 14 young (28672K), 2 survivors (4096K)
 Metaspace       used 47369K, committed 47808K, reserved 1114112K
  class space    used 6264K, committed 6464K, reserved 1048576K
}
Event: 9.932 GC heap after
{Heap after GC invocations=12 (full 0):
 garbage-first heap   total 75776K, used 32695K [0x0000000700000000, 0x0000000800000000)
  region size 2048K, 2 young (4096K), 2 survivors (4096K)
 Metaspace       used 47369K, committed 47808K, reserved 1114112K
  class space    used 6264K, committed 6464K, reserved 1048576K
}
Event: 10.905 GC heap before
{Heap before GC invocations=12 (full 0):
 garbage-first heap   total 75776K, used 57271K [0x0000000700000000, 0x0000000800000000)
  region size 2048K, 14 young (28672K), 2 survivors (4096K)
 Metaspace       used 50287K, committed 50688K, reserved 1114112K
  class space    used 6748K, committed 6912K, reserved 1048576K
}
Event: 10.909 GC heap after
{Heap after GC invocations=13 (full 0):
 garbage-first heap   total 75776K, used 34031K [0x0000000700000000, 0x0000000800000000)
  region size 2048K, 2 young (4096K), 2 survivors (4096K)
 Metaspace       used 50287K, committed 50688K, reserved 1114112K
  class space    used 6748K, committed 6912K, reserved 1048576K
}

Dll operation events (2 events):
Event: 0.013 Loaded shared library C:\Program Files\Android\Android Studio1\jbr\bin\java.dll
Event: 0.588 Loaded shared library C:\Program Files\Android\Android Studio1\jbr\bin\verify.dll

Deoptimization events (20 events):
Event: 10.027 Thread 0x000001fe80e979c0 Uncommon trap: trap_request=0xffffff45 fr.pc=0x000001fee73aba2c relative=0x0000000000005b4c
Event: 10.027 Thread 0x000001fe80e979c0 Uncommon trap: reason=unstable_if action=reinterpret pc=0x000001fee73aba2c method=org.objectweb.asm.Frame.execute(IILorg/objectweb/asm/Symbol;Lorg/objectweb/asm/SymbolTable;)V @ 1 c2
Event: 10.027 Thread 0x000001fe80e979c0 DEOPT PACKING pc=0x000001fee73aba2c sp=0x000000e30baf46f0
Event: 10.027 Thread 0x000001fe80e979c0 DEOPT UNPACKING pc=0x000001fee6c769a3 sp=0x000000e30baf46a8 mode 2
Event: 10.291 Thread 0x000001fe80e979c0 Uncommon trap: trap_request=0xffffffcc fr.pc=0x000001fee74350d8 relative=0x0000000000000338
Event: 10.291 Thread 0x000001fe80e979c0 Uncommon trap: reason=intrinsic_or_type_checked_inlining action=make_not_entrant pc=0x000001fee74350d8 method=java.util.Arrays.copyOf([Ljava/lang/Object;ILjava/lang/Class;)[Ljava/lang/Object; @ 35 c2
Event: 10.291 Thread 0x000001fe80e979c0 DEOPT PACKING pc=0x000001fee74350d8 sp=0x000000e30baf62c0
Event: 10.291 Thread 0x000001fe80e979c0 DEOPT UNPACKING pc=0x000001fee6c769a3 sp=0x000000e30baf6250 mode 2
Event: 10.600 Thread 0x000001fe80e979c0 Uncommon trap: trap_request=0xffffff45 fr.pc=0x000001fee724867c relative=0x00000000000001dc
Event: 10.600 Thread 0x000001fe80e979c0 Uncommon trap: reason=unstable_if action=reinterpret pc=0x000001fee724867c method=java.net.URI$Parser.scan(IILjava/lang/String;)I @ 26 c2
Event: 10.600 Thread 0x000001fe80e979c0 DEOPT PACKING pc=0x000001fee724867c sp=0x000000e30baf5b30
Event: 10.600 Thread 0x000001fe80e979c0 DEOPT UNPACKING pc=0x000001fee6c769a3 sp=0x000000e30baf5ac0 mode 2
Event: 10.600 Thread 0x000001fe80e979c0 Uncommon trap: trap_request=0xffffff45 fr.pc=0x000001fee723c1bc relative=0x000000000000011c
Event: 10.600 Thread 0x000001fe80e979c0 Uncommon trap: reason=unstable_if action=reinterpret pc=0x000001fee723c1bc method=java.net.URI.match(CJJ)Z @ 45 c2
Event: 10.600 Thread 0x000001fe80e979c0 DEOPT PACKING pc=0x000001fee723c1bc sp=0x000000e30baf5890
Event: 10.600 Thread 0x000001fe80e979c0 DEOPT UNPACKING pc=0x000001fee6c769a3 sp=0x000000e30baf57c8 mode 2
Event: 10.600 Thread 0x000001fe80e979c0 Uncommon trap: trap_request=0xffffff45 fr.pc=0x000001fee71e27c8 relative=0x0000000000000048
Event: 10.600 Thread 0x000001fe80e979c0 Uncommon trap: reason=unstable_if action=reinterpret pc=0x000001fee71e27c8 method=java.net.URI.match(CJJ)Z @ 19 c2
Event: 10.600 Thread 0x000001fe80e979c0 DEOPT PACKING pc=0x000001fee71e27c8 sp=0x000000e30baf58a0
Event: 10.600 Thread 0x000001fe80e979c0 DEOPT UNPACKING pc=0x000001fee6c769a3 sp=0x000000e30baf5850 mode 2

Classes unloaded (0 events):
No events

Classes redefined (0 events):
No events

Internal exceptions (20 events):
Event: 8.936 Thread 0x000001fe80e979c0 Exception <a 'java/lang/NoSuchMethodError'{0x00000007045e9dd0}: 'java.lang.Object java.lang.invoke.Invokers$Holder.invoker(java.lang.Object, java.lang.Object, java.lang.Object, java.lang.Object)'> (0x00000007045e9dd0) 
thrown [s\src\hotspot\share\interpreter\linkResolver.cpp, line 771]
Event: 8.964 Thread 0x000001fe80e979c0 Exception <a 'java/lang/NoSuchMethodError'{0x00000007042a12e8}: 'java.lang.Object java.lang.invoke.DelegatingMethodHandle$Holder.reinvoke_L(java.lang.Object, java.lang.Object, java.lang.Object, java.lang.Object, java.lang.Object, java.lang.Object, java.lang.Object, java.lang.Object, java.lang.Object, java.lang.Object, java.lang.Object, java.lang.Object, java.lang.Object, java.lang.Object, java.lang.Object, java.lang.Object, java.lang.Object, java.lang.Object, java.lang.Object, java.lang.Object, java.lang.O
Event: 8.966 Thread 0x000001fe80e979c0 Exception <a 'java/lang/NoSuchMethodError'{0x00000007042ad008}: 'java.lang.Object java.lang.invoke.Invokers$Holder.invoker(java.lang.Object, java.lang.Object, java.lang.Object, java.lang.Object, java.lang.Object, java.lang.Object, java.lang.Object, java.lang.Object, java.lang.Object, java.lang.Object, java.lang.Object, java.lang.Object, java.lang.Object, java.lang.Object, java.lang.Object, java.lang.Object, java.lang.Object, java.lang.Object, java.lang.Object, java.lang.Object, java.lang.Object)'> (0x00000
Event: 8.966 Thread 0x000001fe80e979c0 Exception <a 'java/lang/NoSuchMethodError'{0x00000007042b3f10}: 'java.lang.Object java.lang.invoke.DelegatingMethodHandle$Holder.delegate(java.lang.Object, java.lang.Object, java.lang.Object, java.lang.Object, java.lang.Object, java.lang.Object, java.lang.Object, java.lang.Object, java.lang.Object, java.lang.Object, java.lang.Object, java.lang.Object, java.lang.Object, java.lang.Object, java.lang.Object, java.lang.Object, java.lang.Object, java.lang.Object, java.lang.Object, java.lang.Object, java.lang.Obj
Event: 8.982 Thread 0x000001fe80e979c0 Exception <a 'java/lang/NoSuchMethodError'{0x00000007043316d8}: 'java.lang.Object java.lang.invoke.DirectMethodHandle$Holder.invokeStatic(java.lang.Object, java.lang.Object, java.lang.Object, java.lang.Object, java.lang.Object, java.lang.Object, java.lang.Object, java.lang.Object, java.lang.Object, java.lang.Object, java.lang.Object, java.lang.Object, java.lang.Object, java.lang.Object, java.lang.Object, java.lang.Object, java.lang.Object)'> (0x00000007043316d8) 
thrown [s\src\hotspot\share\interpreter\lin
Event: 8.987 Thread 0x000001fe80e979c0 Exception <a 'java/lang/NoSuchMethodError'{0x0000000704359848}: 'java.lang.Object java.lang.invoke.DirectMethodHandle$Holder.invokeStatic(java.lang.Object, java.lang.Object, java.lang.Object, java.lang.Object, java.lang.Object, java.lang.Object, java.lang.Object, java.lang.Object, java.lang.Object, java.lang.Object, java.lang.Object, java.lang.Object, java.lang.Object, java.lang.Object, java.lang.Object, java.lang.Object, java.lang.Object, java.lang.Object)'> (0x0000000704359848) 
thrown [s\src\hotspot\sha
Event: 8.991 Thread 0x000001fe80e979c0 Exception <a 'java/lang/NoSuchMethodError'{0x0000000704382448}: 'java.lang.Object java.lang.invoke.DirectMethodHandle$Holder.invokeStatic(java.lang.Object, java.lang.Object, java.lang.Object, java.lang.Object, java.lang.Object, java.lang.Object, java.lang.Object, java.lang.Object, java.lang.Object, java.lang.Object, java.lang.Object, java.lang.Object, java.lang.Object, java.lang.Object, java.lang.Object, java.lang.Object, java.lang.Object, java.lang.Object, java.lang.Object)'> (0x0000000704382448) 
thrown 
Event: 8.993 Thread 0x000001fe80e979c0 Exception <a 'java/lang/NoSuchMethodError'{0x00000007043afbd8}: 'java.lang.Object java.lang.invoke.DirectMethodHandle$Holder.invokeStatic(java.lang.Object, java.lang.Object, java.lang.Object, java.lang.Object, java.lang.Object, java.lang.Object, java.lang.Object, java.lang.Object, java.lang.Object, java.lang.Object, java.lang.Object, java.lang.Object, java.lang.Object, java.lang.Object, java.lang.Object, java.lang.Object, java.lang.Object, java.lang.Object, java.lang.Object, java.lang.Object)'> (0x00000007
Event: 8.996 Thread 0x000001fe80e979c0 Exception <a 'java/lang/NoSuchMethodError'{0x00000007043daa90}: 'java.lang.Object java.lang.invoke.DirectMethodHandle$Holder.invokeStatic(java.lang.Object, java.lang.Object, java.lang.Object, java.lang.Object, java.lang.Object, java.lang.Object, java.lang.Object, java.lang.Object, java.lang.Object, java.lang.Object, java.lang.Object, java.lang.Object, java.lang.Object, java.lang.Object, java.lang.Object, java.lang.Object, java.lang.Object, java.lang.Object, java.lang.Object, java.lang.Object, java.lang.Obj
Event: 9.000 Thread 0x000001fe80e979c0 Exception <a 'java/lang/NoSuchMethodError'{0x0000000704006988}: 'java.lang.Object java.lang.invoke.DirectMethodHandle$Holder.invokeStatic(java.lang.Object, java.lang.Object, java.lang.Object, java.lang.Object, java.lang.Object, java.lang.Object, java.lang.Object, java.lang.Object, java.lang.Object, java.lang.Object, java.lang.Object, java.lang.Object, java.lang.Object, java.lang.Object, java.lang.Object, java.lang.Object, java.lang.Object, java.lang.Object, java.lang.Object, java.lang.Object, java.lang.Obj
Event: 9.004 Thread 0x000001fe80e979c0 Exception <a 'java/lang/NoSuchMethodError'{0x0000000704033c78}: 'java.lang.Object java.lang.invoke.DirectMethodHandle$Holder.invokeStatic(java.lang.Object, java.lang.Object, java.lang.Object, java.lang.Object, java.lang.Object, java.lang.Object, java.lang.Object, java.lang.Object, java.lang.Object, java.lang.Object, java.lang.Object, java.lang.Object, java.lang.Object, java.lang.Object, java.lang.Object, java.lang.Object, java.lang.Object, java.lang.Object, java.lang.Object, java.lang.Object, java.lang.Obj
Event: 9.007 Thread 0x000001fe80e979c0 Exception <a 'java/lang/NoSuchMethodError'{0x0000000704062820}: 'java.lang.Object java.lang.invoke.DirectMethodHandle$Holder.invokeStatic(java.lang.Object, java.lang.Object, java.lang.Object, java.lang.Object, java.lang.Object, java.lang.Object, java.lang.Object, java.lang.Object, java.lang.Object, java.lang.Object, java.lang.Object, java.lang.Object, java.lang.Object, java.lang.Object, java.lang.Object, java.lang.Object, java.lang.Object, java.lang.Object, java.lang.Object, java.lang.Object, java.lang.Obj
Event: 9.159 Thread 0x000001fe80e979c0 Exception <a 'java/lang/IncompatibleClassChangeError'{0x0000000703290610}: Found class java.lang.Object, but interface was expected> (0x0000000703290610) 
thrown [s\src\hotspot\share\interpreter\linkResolver.cpp, line 838]
Event: 9.352 Thread 0x000001fe80e979c0 Exception <a 'java/lang/IncompatibleClassChangeError'{0x00000007048a9960}: Found class java.lang.Object, but interface was expected> (0x00000007048a9960) 
thrown [s\src\hotspot\share\interpreter\linkResolver.cpp, line 838]
Event: 9.393 Thread 0x000001fe80e979c0 Exception <a 'java/lang/NoSuchMethodError'{0x000000070464cc98}: 'int java.lang.invoke.DirectMethodHandle$Holder.invokeStaticInit(java.lang.Object, java.lang.Object, java.lang.Object, java.lang.Object, java.lang.Object)'> (0x000000070464cc98) 
thrown [s\src\hotspot\share\interpreter\linkResolver.cpp, line 771]
Event: 9.453 Thread 0x000001fe80e979c0 Implicit null exception at 0x000001fee73885ec to 0x000001fee7388694
Event: 10.532 Thread 0x000001fe80e979c0 Exception <a 'java/lang/NoSuchMethodError'{0x0000000703d5d208}: 'java.lang.Object java.lang.invoke.DirectMethodHandle$Holder.newInvokeSpecial(java.lang.Object, int, java.lang.Object)'> (0x0000000703d5d208) 
thrown [s\src\hotspot\share\interpreter\linkResolver.cpp, line 771]
Event: 10.811 Thread 0x000001fe80e979c0 Exception <a 'java/lang/NoSuchMethodError'{0x0000000703222328}: 'java.lang.Object java.lang.invoke.DirectMethodHandle$Holder.newInvokeSpecial(java.lang.Object, java.lang.Object, java.lang.Object, java.lang.Object, int)'> (0x0000000703222328) 
thrown [s\src\hotspot\share\interpreter\linkResolver.cpp, line 771]
Event: 10.812 Thread 0x000001fe80e979c0 Exception <a 'java/lang/NoSuchMethodError'{0x0000000703228640}: 'java.lang.Object java.lang.invoke.DirectMethodHandle$Holder.invokeSpecial(java.lang.Object, java.lang.Object, java.lang.Object, java.lang.Object, java.lang.Object, int)'> (0x0000000703228640) 
thrown [s\src\hotspot\share\interpreter\linkResolver.cpp, line 771]
Event: 10.812 Thread 0x000001fe80e979c0 Exception <a 'java/lang/NoSuchMethodError'{0x000000070322e308}: 'java.lang.Object java.lang.invoke.Invokers$Holder.linkToTargetMethod(java.lang.Object, java.lang.Object, java.lang.Object, int, java.lang.Object)'> (0x000000070322e308) 
thrown [s\src\hotspot\share\interpreter\linkResolver.cpp, line 771]

VM Operations (20 events):
Event: 8.481 Executing VM operation: HandshakeAllThreads
Event: 8.481 Executing VM operation: HandshakeAllThreads done
Event: 8.676 Executing VM operation: G1CollectForAllocation
Event: 8.682 Executing VM operation: G1CollectForAllocation done
Event: 8.802 Executing VM operation: HandshakeAllThreads
Event: 8.802 Executing VM operation: HandshakeAllThreads done
Event: 8.804 Executing VM operation: HandshakeAllThreads
Event: 8.804 Executing VM operation: HandshakeAllThreads done
Event: 9.163 Executing VM operation: HandshakeAllThreads
Event: 9.164 Executing VM operation: HandshakeAllThreads done
Event: 9.282 Executing VM operation: G1CollectForAllocation
Event: 9.287 Executing VM operation: G1CollectForAllocation done
Event: 9.554 Executing VM operation: HandshakeAllThreads
Event: 9.555 Executing VM operation: HandshakeAllThreads done
Event: 9.817 Executing VM operation: HandshakeAllThreads
Event: 9.817 Executing VM operation: HandshakeAllThreads done
Event: 9.928 Executing VM operation: G1CollectForAllocation
Event: 9.933 Executing VM operation: G1CollectForAllocation done
Event: 10.905 Executing VM operation: G1CollectForAllocation
Event: 10.909 Executing VM operation: G1CollectForAllocation done

Events (20 events):
Event: 10.925 loading class javax/management/ImmutableDescriptor done
Event: 10.926 loading class com/sun/jmx/mbeanserver/ClassLoaderRepositorySupport
Event: 10.926 loading class com/sun/jmx/mbeanserver/ModifiableClassLoaderRepository
Event: 10.926 loading class javax/management/loading/ClassLoaderRepository
Event: 10.927 loading class javax/management/loading/ClassLoaderRepository done
Event: 10.927 loading class com/sun/jmx/mbeanserver/ModifiableClassLoaderRepository done
Event: 10.927 loading class com/sun/jmx/mbeanserver/ClassLoaderRepositorySupport done
Event: 10.927 loading class com/sun/jmx/mbeanserver/ClassLoaderRepositorySupport$LoaderEntry
Event: 10.927 loading class com/sun/jmx/mbeanserver/ClassLoaderRepositorySupport$LoaderEntry done
Event: 10.927 loading class com/sun/jmx/mbeanserver/MBeanInstantiator
Event: 10.927 loading class com/sun/jmx/mbeanserver/MBeanInstantiator done
Event: 10.928 loading class com/sun/jmx/mbeanserver/SecureClassLoaderRepository
Event: 10.928 loading class com/sun/jmx/mbeanserver/SecureClassLoaderRepository done
Event: 10.928 loading class com/sun/jmx/mbeanserver/JmxMBeanServer$1
Event: 10.928 loading class com/sun/jmx/mbeanserver/JmxMBeanServer$1 done
Event: 10.928 loading class com/sun/jmx/mbeanserver/Repository
Event: 10.929 loading class com/sun/jmx/mbeanserver/Repository done
Event: 10.929 loading class java/util/concurrent/locks/ReentrantReadWriteLock$FairSync
Event: 10.929 loading class java/util/concurrent/locks/ReentrantReadWriteLock$FairSync done
Event: 10.929 loading class com/sun/jmx/interceptor/DefaultMBeanServerInterceptor


Dynamic libraries:
0x00007ff6b94f0000 - 0x00007ff6b94fa000 	C:\Program Files\Android\Android Studio1\jbr\bin\java.exe
0x00007ffa0c510000 - 0x00007ffa0c727000 	C:\Windows\SYSTEM32\ntdll.dll
0x00007ffa0ab80000 - 0x00007ffa0ac44000 	C:\Windows\System32\KERNEL32.DLL
0x00007ffa098c0000 - 0x00007ffa09c6d000 	C:\Windows\System32\KERNELBASE.dll
0x00007ffa09ef0000 - 0x00007ffa0a001000 	C:\Windows\System32\ucrtbase.dll
0x00007ff9d64b0000 - 0x00007ff9d64c7000 	C:\Program Files\Android\Android Studio1\jbr\bin\jli.dll
0x00007ffa0a9b0000 - 0x00007ffa0ab5e000 	C:\Windows\System32\USER32.dll
0x00007ffa0a010000 - 0x00007ffa0a036000 	C:\Windows\System32\win32u.dll
0x00007ffa0ae80000 - 0x00007ffa0aea9000 	C:\Windows\System32\GDI32.dll
0x00007ffa09c70000 - 0x00007ffa09d89000 	C:\Windows\System32\gdi32full.dll
0x00007ffa0a1b0000 - 0x00007ffa0a24a000 	C:\Windows\System32\msvcp_win.dll
0x00007ff9e0680000 - 0x00007ff9e0913000 	C:\Windows\WinSxS\amd64_microsoft.windows.common-controls_6595b64144ccf1df_6.0.22621.3672_none_2713b9d173822955\COMCTL32.dll
0x00007ffa0b8b0000 - 0x00007ffa0b957000 	C:\Windows\System32\msvcrt.dll
0x00007ff9d8cd0000 - 0x00007ff9d8ceb000 	C:\Program Files\Android\Android Studio1\jbr\bin\VCRUNTIME140.dll
0x00007ffa0a890000 - 0x00007ffa0a8c1000 	C:\Windows\System32\IMM32.DLL
0x00007ff9f2050000 - 0x00007ff9f205c000 	C:\Program Files\Android\Android Studio1\jbr\bin\vcruntime140_1.dll
0x00007ff96ffd0000 - 0x00007ff97005d000 	C:\Program Files\Android\Android Studio1\jbr\bin\msvcp140.dll
0x00007ff9b7380000 - 0x00007ff9b8003000 	C:\Program Files\Android\Android Studio1\jbr\bin\server\jvm.dll
0x00007ffa0a270000 - 0x00007ffa0a322000 	C:\Windows\System32\ADVAPI32.dll
0x00007ffa0a760000 - 0x00007ffa0a809000 	C:\Windows\System32\sechost.dll
0x00007ffa09d90000 - 0x00007ffa09db8000 	C:\Windows\System32\bcrypt.dll
0x00007ffa0a590000 - 0x00007ffa0a6a4000 	C:\Windows\System32\RPCRT4.dll
0x00007ffa08690000 - 0x00007ffa086dd000 	C:\Windows\SYSTEM32\POWRPROF.dll
0x00007ffa02900000 - 0x00007ffa02909000 	C:\Windows\SYSTEM32\WSOCK32.dll
0x00007ffa0a810000 - 0x00007ffa0a881000 	C:\Windows\System32\WS2_32.dll
0x00007ffa04720000 - 0x00007ffa04754000 	C:\Windows\SYSTEM32\WINMM.dll
0x00007ff9f8aa0000 - 0x00007ff9f8aaa000 	C:\Windows\SYSTEM32\VERSION.dll
0x00007ffa08670000 - 0x00007ffa08683000 	C:\Windows\SYSTEM32\UMPDC.dll
0x00007ffa088c0000 - 0x00007ffa088d8000 	C:\Windows\SYSTEM32\kernel.appcore.dll
0x00007ffa048e0000 - 0x00007ffa048ea000 	C:\Program Files\Android\Android Studio1\jbr\bin\jimage.dll
0x00007ffa07050000 - 0x00007ffa07282000 	C:\Windows\SYSTEM32\DBGHELP.DLL
0x00007ffa0c140000 - 0x00007ffa0c4c8000 	C:\Windows\System32\combase.dll
0x00007ffa0a8d0000 - 0x00007ffa0a9a7000 	C:\Windows\System32\OLEAUT32.dll
0x00007ff9f5330000 - 0x00007ff9f5362000 	C:\Windows\SYSTEM32\dbgcore.DLL
0x00007ffa09840000 - 0x00007ffa098bb000 	C:\Windows\System32\bcryptPrimitives.dll
0x00007ffa048b0000 - 0x00007ffa048d5000 	C:\Program Files\Android\Android Studio1\jbr\bin\java.dll
0x00007ff9f7310000 - 0x00007ff9f7328000 	C:\Program Files\Android\Android Studio1\jbr\bin\zip.dll
0x00007ffa0b050000 - 0x00007ffa0b8af000 	C:\Windows\System32\SHELL32.dll
0x00007ffa07750000 - 0x00007ffa0804c000 	C:\Windows\SYSTEM32\windows.storage.dll
0x00007ffa07610000 - 0x00007ffa0774f000 	C:\Windows\SYSTEM32\wintypes.dll
0x00007ffa0af40000 - 0x00007ffa0b034000 	C:\Windows\System32\SHCORE.dll
0x00007ffa0ac50000 - 0x00007ffa0acae000 	C:\Windows\System32\shlwapi.dll
0x00007ffa09770000 - 0x00007ffa09791000 	C:\Windows\SYSTEM32\profapi.dll
0x00007ff9f20c0000 - 0x00007ff9f20d9000 	C:\Program Files\Android\Android Studio1\jbr\bin\net.dll
0x00007ffa05bf0000 - 0x00007ffa05d26000 	C:\Windows\SYSTEM32\WINHTTP.dll
0x00007ffa08d80000 - 0x00007ffa08de9000 	C:\Windows\system32\mswsock.dll
0x00007ff9f1e30000 - 0x00007ff9f1e46000 	C:\Program Files\Android\Android Studio1\jbr\bin\nio.dll
0x00007ff9f2020000 - 0x00007ff9f2030000 	C:\Program Files\Android\Android Studio1\jbr\bin\verify.dll
0x00007ff9f16b0000 - 0x00007ff9f16d7000 	C:\Users\Lenovo\.gradle\native\c067742578af261105cb4f569cf0c3c89f3d7b1fecec35dd04571415982c5e48\windows-amd64\native-platform.dll
0x00007ff9d5280000 - 0x00007ff9d53c4000 	C:\Users\Lenovo\.gradle\native\38dada09dfb8b06ba9b0570ebf7e218e3eb74d4ef43ca46872605cf95ebc2f47\windows-amd64\native-platform-file-events.dll
0x00007ff9f2da0000 - 0x00007ff9f2da9000 	C:\Program Files\Android\Android Studio1\jbr\bin\management.dll
0x00007ff9f20b0000 - 0x00007ff9f20bb000 	C:\Program Files\Android\Android Studio1\jbr\bin\management_ext.dll
0x00007ffa0c0b0000 - 0x00007ffa0c0b8000 	C:\Windows\System32\PSAPI.DLL
0x00007ffa090d0000 - 0x00007ffa090eb000 	C:\Windows\SYSTEM32\CRYPTSP.dll
0x00007ffa08880000 - 0x00007ffa088b5000 	C:\Windows\system32\rsaenh.dll
0x00007ffa08e20000 - 0x00007ffa08e48000 	C:\Windows\SYSTEM32\USERENV.dll
0x00007ffa090b0000 - 0x00007ffa090bc000 	C:\Windows\SYSTEM32\CRYPTBASE.dll
0x00007ffa082a0000 - 0x00007ffa082cd000 	C:\Windows\SYSTEM32\IPHLPAPI.DLL
0x00007ffa0b040000 - 0x00007ffa0b049000 	C:\Windows\System32\NSI.dll
0x00007ffa05b20000 - 0x00007ffa05b39000 	C:\Windows\SYSTEM32\dhcpcsvc6.DLL
0x00007ffa05b00000 - 0x00007ffa05b1f000 	C:\Windows\SYSTEM32\dhcpcsvc.DLL
0x00007ffa082d0000 - 0x00007ffa083c8000 	C:\Windows\SYSTEM32\DNSAPI.dll
0x00007ff9f7340000 - 0x00007ff9f7349000 	C:\Program Files\Android\Android Studio1\jbr\bin\extnet.dll
0x00007ff9d5900000 - 0x00007ff9d5908000 	C:\Windows\system32\wshunix.dll

dbghelp: loaded successfully - version: 4.0.5 - missing functions: none
symbol engine: initialized successfully - sym options: 0x614 - pdb path: .;C:\Program Files\Android\Android Studio1\jbr\bin;C:\Windows\SYSTEM32;C:\Windows\WinSxS\amd64_microsoft.windows.common-controls_6595b64144ccf1df_6.0.22621.3672_none_2713b9d173822955;C:\Program Files\Android\Android Studio1\jbr\bin\server;C:\Users\Lenovo\.gradle\native\c067742578af261105cb4f569cf0c3c89f3d7b1fecec35dd04571415982c5e48\windows-amd64;C:\Users\Lenovo\.gradle\native\38dada09dfb8b06ba9b0570ebf7e218e3eb74d4ef43ca46872605cf95ebc2f47\windows-amd64

VM Arguments:
jvm_args: -XX:+HeapDumpOnOutOfMemoryError --add-opens=java.base/java.util=ALL-UNNAMED --add-opens=java.base/java.lang=ALL-UNNAMED --add-opens=java.base/java.lang.invoke=ALL-UNNAMED --add-opens=java.prefs/java.util.prefs=ALL-UNNAMED --add-opens=java.base/java.nio.charset=ALL-UNNAMED --add-opens=java.base/java.net=ALL-UNNAMED --add-opens=java.base/java.util.concurrent.atomic=ALL-UNNAMED -Xmx4G -Dfile.encoding=windows-1252 -Duser.country=IN -Duser.language=en -Duser.variant 
java_command: org.gradle.launcher.daemon.bootstrap.GradleDaemon 7.6.3
java_class_path (initial): C:\Users\Lenovo\.gradle\wrapper\dists\gradle-7.6.3-all\aocdy2d2z8kodnny3rsumj8i8\gradle-7.6.3\lib\gradle-launcher-7.6.3.jar
Launcher Type: SUN_STANDARD

[Global flags]
     intx CICompilerCount                          = 4                                         {product} {ergonomic}
     uint ConcGCThreads                            = 2                                         {product} {ergonomic}
     uint G1ConcRefinementThreads                  = 8                                         {product} {ergonomic}
   size_t G1HeapRegionSize                         = 2097152                                   {product} {ergonomic}
    uintx GCDrainStackTargetSize                   = 64                                        {product} {ergonomic}
     bool HeapDumpOnOutOfMemoryError               = true                                   {manageable} {command line}
   size_t InitialHeapSize                          = 130023424                                 {product} {ergonomic}
   size_t MarkStackSize                            = 4194304                                   {product} {ergonomic}
   size_t MaxHeapSize                              = 4294967296                                {product} {command line}
   size_t MaxNewSize                               = 2575302656                                {product} {ergonomic}
   size_t MinHeapDeltaBytes                        = 2097152                                   {product} {ergonomic}
   size_t MinHeapSize                              = 8388608                                   {product} {ergonomic}
    uintx NonNMethodCodeHeapSize                   = 5839372                                {pd product} {ergonomic}
    uintx NonProfiledCodeHeapSize                  = 122909434                              {pd product} {ergonomic}
    uintx ProfiledCodeHeapSize                     = 122909434                              {pd product} {ergonomic}
    uintx ReservedCodeCacheSize                    = 251658240                              {pd product} {ergonomic}
     bool SegmentedCodeCache                       = true                                      {product} {ergonomic}
   size_t SoftMaxHeapSize                          = 4294967296                             {manageable} {ergonomic}
     bool UseCompressedClassPointers               = true                           {product lp64_product} {ergonomic}
     bool UseCompressedOops                        = true                           {product lp64_product} {ergonomic}
     bool UseG1GC                                  = true                                      {product} {ergonomic}
     bool UseLargePagesIndividualAllocation        = false                                  {pd product} {ergonomic}

Logging:
Log output configuration:
 #0: stdout all=warning uptime,level,tags
 #1: stderr all=off uptime,level,tags

Environment Variables:
JAVA_HOME=C:\Program Files\Android\Android Studio1\jbr
CLASSPATH=C:\Users\Lenovo\AndroidStudioProjects\shreya\android\\gradle\wrapper\gradle-wrapper.jar
PATH=C:\Program Files\Android\Android Studio1\jbr\bin;C:\Program Files (x86)\NVIDIA Corporation\PhysX\Common;C:\Windows\system32;C:\Windows;C:\Windows\System32\Wbem;C:\Windows\System32\WindowsPowerShell\v1.0\;C:\Windows\System32\OpenSSH\;C:\Program Files\PuTTY\;C:\Program Files\nodejs\;C:\Program Files\Microsoft SQL Server\Client SDK\ODBC\170\Tools\Binn\;C:\Program Files (x86)\Microsoft SQL Server\150\Tools\Binn\;C:\Program Files\Microsoft SQL Server\150\Tools\Binn\;C:\Program Files\Microsoft SQL Server\150\DTS\Binn\;C:\Program Files (x86)\Windows Kits\8.1\Windows Performance Toolkit\;C:\Program Files\Java\jdk-11;C:\Users\Lenovo\AppData\Local\Programs\Python\Python312\Scripts\;C:\Users\Lenovo\AppData\Local\Programs\Python\Python312\;C:\Program Files\Docker\Docker\resources\bin;C:\Program Files\Git\cmd;C:\Users\Lenovo\AppData\Local\Programs\Python\Launcher\;C:\Users\Lenovo\AppData\Local\Programs\Microsoft VS Code\bin;C:\flutter\bin;C:\Users\Lenovo\AppData\Local\Pub\Cache\bin;C:\Users\Lenovo\AppData\Roaming\npm;C:\Program Files\heroku\bin;C:\Users\Lenovo\AppData\Local\GitHubDesktop\bin;C:\Users\Lenovo\AppData\Local\Google\Cloud SDK\google-cloud-sdk\bin;C:\flutter\bin\mingit\cmd
USERNAME=Lenovo
OS=Windows_NT
PROCESSOR_IDENTIFIER=Intel64 Family 6 Model 154 Stepping 4, GenuineIntel
TMP=C:\Users\Lenovo\AppData\Local\Temp
TEMP=C:\Users\Lenovo\AppData\Local\Temp



Periodic native trim disabled

JNI global refs:
JNI global refs: 24, weak refs: 3

JNI global refs memory usage: 843, weak refs: 841

Process memory usage:
Resident Set Size: 229988K (2% of 8090040K total physical memory with 192648K free physical memory)

OOME stack traces (most recent first):
Classloader memory used:
